<?xml version="1.0" encoding="UTF-8" ?>
<testsuite tests="1" failures="0" name="com.example.AppTest" time="0.12" errors="0" skipped="0">
  <properties>
    <property name="java.vendor" value="Oracle Corporation"/>
    <property name="JOB_NAME" value="My_first_project"/>
    <property name="sun.java.launcher" value="SUN_STANDARD"/>
    <property name="NUMBER_OF_PROCESSORS" value="4"/>
    <property name="sun.management.compiler" value="HotSpot 64-Bit Tiered Compilers"/>
    <property name="JENKINS_HOME" value="C:\Users\corei3\.jenkins"/>
    <property name="HUDSON_SERVER_COOKIE" value="db2b9ae842078f6b"/>
    <property name="POM_ARTIFACTID" value="NumberGenerator"/>
    <property name="os.name" value="Windows 10"/>
    <property name="sun.boot.class.path" value="C:\Program Files\Java\jre1.8.0_171\lib\resources.jar;C:\Program Files\Java\jre1.8.0_171\lib\rt.jar;C:\Program Files\Java\jre1.8.0_171\lib\sunrsasign.jar;C:\Program Files\Java\jre1.8.0_171\lib\jsse.jar;C:\Program Files\Java\jre1.8.0_171\lib\jce.jar;C:\Program Files\Java\jre1.8.0_171\lib\charsets.jar;C:\Program Files\Java\jre1.8.0_171\lib\jfr.jar;C:\Program Files\Java\jre1.8.0_171\classes"/>
    <property name="EXECUTOR_NUMBER" value="0"/>
    <property name="sun.desktop" value="windows"/>
    <property name="PATHEXT" value=".COM;.EXE;.BAT;.CMD;.VBS;.VBE;.JS;.JSE;.WSF;.WSH;.MSC"/>
    <property name="java.vm.specification.vendor" value="Oracle Corporation"/>
    <property name="POM_DISPLAYNAME" value="NumberGenerator"/>
    <property name="NODE_LABELS" value="master"/>
    <property name="TEMP" value="C:\Users\corei3\AppData\Local\Temp"/>
    <property name="java.runtime.version" value="1.8.0_171-b11"/>
    <property name="user.name" value="corei3"/>
    <property name="guice.disable.misplaced.annotation.check" value="true"/>
    <property name="CommonProgramW6432" value="C:\Program Files\Common Files"/>
    <property name="ProgramFiles" value="C:\Program Files"/>
    <property name="PROMPT" value="$P$G"/>
    <property name="user.language" value="en"/>
    <property name="JOB_BASE_NAME" value="My_first_project"/>
    <property name="RUN_CHANGES_DISPLAY_URL" value="http://localhost:8080/job/My_first_project/2/display/redirect?page=changes"/>
    <property name="BUILD_DISPLAY_NAME" value="#2"/>
    <property name="OneDrive" value="C:\Users\corei3\OneDrive"/>
    <property name="sun.boot.library.path" value="C:\Program Files\Java\jre1.8.0_171\bin"/>
    <property name="LOCALAPPDATA" value="C:\Users\corei3\AppData\Local"/>
    <property name="java.version" value="1.8.0_171"/>
    <property name="PROCESSOR_LEVEL" value="6"/>
    <property name="user.timezone" value="Asia/Calcutta"/>
    <property name="USERNAME" value="corei3"/>
    <property name="sun.arch.data.model" value="64"/>
    <property name="NODE_NAME" value="master"/>
    <property name="java.endorsed.dirs" value="C:\Program Files\Java\jre1.8.0_171\lib\endorsed"/>
    <property name="BUILD_ID" value="2"/>
    <property name="sun.cpu.isalist" value="amd64"/>
    <property name="sun.jnu.encoding" value="Cp1252"/>
    <property name="file.encoding.pkg" value="sun.io"/>
    <property name="file.separator" value="\"/>
    <property name="java.specification.name" value="Java Platform API Specification"/>
    <property name="HOMEDRIVE" value="C:"/>
    <property name="maven.conf" value="E:\Apache-Maven\apache-maven-3.5.3\conf"/>
    <property name="java.class.version" value="52.0"/>
    <property name="=::" value="::\"/>
    <property name="org.slf4j.simpleLogger.defaultLogLevel" value="info"/>
    <property name="user.country" value="IN"/>
    <property name="ALLUSERSPROFILE" value="C:\ProgramData"/>
    <property name="java.home" value="C:\Program Files\Java\jre1.8.0_171"/>
    <property name="java.vm.info" value="mixed mode"/>
    <property name="os.version" value="10.0"/>
    <property name="RUN_DISPLAY_URL" value="http://localhost:8080/job/My_first_project/2/display/redirect"/>
    <property name="POM_VERSION" value="1.0-SNAPSHOT"/>
    <property name="TMP" value="C:\Users\corei3\AppData\Local\Temp"/>
    <property name="path.separator" value=";"/>
    <property name="java.vm.version" value="25.171-b11"/>
    <property name="AMDAPPSDKROOT" value="C:\Program Files (x86)\AMD APP\"/>
    <property name="user.variant" value=""/>
    <property name="JOB_DISPLAY_URL" value="http://localhost:8080/job/My_first_project/display/redirect"/>
    <property name="CommonProgramFiles(x86)" value="C:\Program Files (x86)\Common Files"/>
    <property name="USERDOMAIN_ROAMINGPROFILE" value="HP"/>
    <property name="java.awt.printerjob" value="sun.awt.windows.WPrinterJob"/>
    <property name="FP_NO_HOST_CHECK" value="NO"/>
    <property name="JAVA_HOME" value="C:\Program Files\Java\jdk1.8.0_171"/>
    <property name="sun.io.unicode.encoding" value="UnicodeLittle"/>
    <property name="CommonProgramFiles" value="C:\Program Files\Common Files"/>
    <property name="ComSpec" value="C:\WINDOWS\system32\cmd.exe"/>
    <property name="HOMEPATH" value="\Users\corei3"/>
    <property name="awt.toolkit" value="sun.awt.windows.WToolkit"/>
    <property name="POM_PACKAGING" value="jar"/>
    <property name="asl.log" value="Destination=file"/>
    <property name="user.script" value=""/>
    <property name="COMPUTERNAME" value="HP"/>
    <property name="POM_GROUPID" value="com.example"/>
    <property name="user.home" value="C:\Users\corei3"/>
    <property name="PUBLIC" value="C:\Users\Public"/>
    <property name="BUILD_TAG" value="jenkins-My_first_project-2"/>
    <property name="JENKINS_SERVER_COOKIE" value="db2b9ae842078f6b"/>
    <property name="=E:" value="E:\M1037450\jenkins201"/>
    <property name="HUDSON_URL" value="http://localhost:8080/"/>
    <property name="ProgramData" value="C:\ProgramData"/>
    <property name="java.specification.vendor" value="Oracle Corporation"/>
    <property name="USERPROFILE" value="C:\Users\corei3"/>
    <property name="CLASSPATH" value=""/>
    <property name="java.vendor.url" value="http://java.oracle.com/"/>
    <property name="java.library.path" value="C:\Program Files (x86)\Common Files\Oracle\Java\javapath;C:\WINDOWS\Sun\Java\bin;C:\WINDOWS\system32;C:\WINDOWS;E:\Apache-Maven\apache-maven-3.5.3/bin;C:\Program Files (x86)\Common Files\Oracle\Java\javapath;C:\ProgramData\Oracle\Java\javapath;C:\Program Files (x86)\Intel\iCLS Client\;C:\Program Files\Intel\iCLS Client\;C:\Program Files (x86)\AMD APP\bin\x86_64;C:\Program Files (x86)\AMD APP\bin\x86;C:\WINDOWS\system32;C:\WINDOWS;C:\WINDOWS\System32\Wbem;C:\WINDOWS\System32\WindowsPowerShell\v1.0\;C:\Program Files (x86)\ATI Technologies\ATI.ACE\Core-Static;C:\Program Files\Intel\Intel(R) Management Engine Components\DAL;C:\Program Files\Intel\Intel(R) Management Engine Components\IPT;C:\Program Files (x86)\Intel\Intel(R) Management Engine Components\DAL;C:\Program Files (x86)\Intel\Intel(R) Management Engine Components\IPT;C:\Program Files (x86)\Common Files\Acronis\SnapAPI\;C:\Program Files\Java\jdk1.8.0_171\bin;E:\Apache-Maven\apache-maven-3.5.3\bin;C:\Users\corei3\AppData\Local\Microsoft\WindowsApps;;."/>
    <property name="java.vm.vendor" value="Oracle Corporation"/>
    <property name="APPDATA" value="C:\Users\corei3\AppData\Roaming"/>
    <property name="java.runtime.name" value="Java(TM) SE Runtime Environment"/>
    <property name="maven.home" value="E:\Apache-Maven\apache-maven-3.5.3"/>
    <property name="java.class.path" value="C:\Users\corei3\.jenkins\plugins\maven-plugin\WEB-INF\lib\maven35-agent-1.12-alpha-1.jar;E:\Apache-Maven\apache-maven-3.5.3\boot\plexus-classworlds-2.5.2.jar;E:\Apache-Maven\apache-maven-3.5.3/conf/logging"/>
    <property name="sun.java.command" value="jenkins.maven3.agent.Maven35Main E:\Apache-Maven\apache-maven-3.5.3 C:\Users\corei3\.jenkins\war\WEB-INF\lib\remoting-3.20.jar C:\Users\corei3\.jenkins\plugins\maven-plugin\WEB-INF\lib\maven35-interceptor-1.12-alpha-1.jar C:\Users\corei3\.jenkins\plugins\maven-plugin\WEB-INF\lib\maven3-interceptor-commons-1.12-alpha-1.jar 50448"/>
    <property name="Path" value="C:\Program Files (x86)\Common Files\Oracle\Java\javapath;C:\ProgramData\Oracle\Java\javapath;C:\Program Files (x86)\Intel\iCLS Client\;C:\Program Files\Intel\iCLS Client\;C:\Program Files (x86)\AMD APP\bin\x86_64;C:\Program Files (x86)\AMD APP\bin\x86;C:\WINDOWS\system32;C:\WINDOWS;C:\WINDOWS\System32\Wbem;C:\WINDOWS\System32\WindowsPowerShell\v1.0\;C:\Program Files (x86)\ATI Technologies\ATI.ACE\Core-Static;C:\Program Files\Intel\Intel(R) Management Engine Components\DAL;C:\Program Files\Intel\Intel(R) Management Engine Components\IPT;C:\Program Files (x86)\Intel\Intel(R) Management Engine Components\DAL;C:\Program Files (x86)\Intel\Intel(R) Management Engine Components\IPT;C:\Program Files (x86)\Common Files\Acronis\SnapAPI\;C:\Program Files\Java\jdk1.8.0_171\bin;E:\Apache-Maven\apache-maven-3.5.3\bin;C:\Users\corei3\AppData\Local\Microsoft\WindowsApps;"/>
    <property name="java.vm.specification.name" value="Java Virtual Machine Specification"/>
    <property name="PROCESSOR_ARCHITECTURE" value="AMD64"/>
    <property name="PROCESSOR_IDENTIFIER" value="Intel64 Family 6 Model 58 Stepping 9, GenuineIntel"/>
    <property name="SESSIONNAME" value="Console"/>
    <property name="java.vm.specification.version" value="1.8"/>
    <property name="sun.os.patch.level" value=""/>
    <property name="sun.cpu.endian" value="little"/>
    <property name="M2_HOME" value="E:\Apache-Maven\apache-maven-3.5.3"/>
    <property name="java.io.tmpdir" value="C:\Users\corei3\AppData\Local\Temp\"/>
    <property name="OS" value="Windows_NT"/>
    <property name="HUDSON_HOME" value="C:\Users\corei3\.jenkins"/>
    <property name="PATH+MAVEN" value="E:\Apache-Maven\apache-maven-3.5.3/bin"/>
    <property name="ProgramFiles(x86)" value="C:\Program Files (x86)"/>
    <property name="BUILD_URL" value="http://localhost:8080/job/My_first_project/2/"/>
    <property name="java.vendor.url.bug" value="http://bugreport.sun.com/bugreport/"/>
    <property name="java.awt.graphicsenv" value="sun.awt.Win32GraphicsEnvironment"/>
    <property name="os.arch" value="amd64"/>
    <property name="SystemRoot" value="C:\WINDOWS"/>
    <property name="java.ext.dirs" value="C:\Program Files\Java\jre1.8.0_171\lib\ext;C:\WINDOWS\Sun\Java\lib\ext"/>
    <property name="user.dir" value="E:\NumberGenerator"/>
    <property name="JOB_URL" value="http://localhost:8080/job/My_first_project/"/>
    <property name="LOGONSERVER" value="\\HP"/>
    <property name="USERDOMAIN" value="HP"/>
    <property name="line.separator" value="
"/>
    <property name="MAVEN_HOME" value="E:\Apache-Maven\apache-maven-3.5.3"/>
    <property name="java.vm.name" value="Java HotSpot(TM) 64-Bit Server VM"/>
    <property name="BUILD_NUMBER" value="2"/>
    <property name="JENKINS_URL" value="http://localhost:8080/"/>
    <property name="PROCESSOR_REVISION" value="3a09"/>
    <property name="ProgramW6432" value="C:\Program Files"/>
    <property name="windir" value="C:\WINDOWS"/>
    <property name="file.encoding" value="Cp1252"/>
    <property name="SystemDrive" value="C:"/>
    <property name="maven3.interceptor" value="C:\Users\corei3\.jenkins\plugins\maven-plugin\WEB-INF\lib\maven35-interceptor-1.12-alpha-1.jar"/>
    <property name="WORKSPACE" value="C:\Users\corei3\.jenkins\workspace\My_first_project"/>
    <property name="maven3.interceptor.common" value="C:\Users\corei3\.jenkins\plugins\maven-plugin\WEB-INF\lib\maven3-interceptor-commons-1.12-alpha-1.jar"/>
    <property name="java.specification.version" value="1.8"/>
    <property name="PSModulePath" value="C:\WINDOWS\system32\WindowsPowerShell\v1.0\Modules\"/>
  </properties>
  <testcase classname="com.example.AppTest" name="testLengthOfTheUniqueKey" time="0.12"/>
</testsuite>